[debug] [2019-02-06T11:54:11.349Z] ----------------------------------------------------------------------
[debug] [2019-02-06T11:54:11.352Z] Command:       C:\Program Files\nodejs\node.exe C:\Users\Misbah\AppData\Roaming\npm\node_modules\firebase-tools\lib\bin\firebase.js deploy
[debug] [2019-02-06T11:54:11.352Z] CLI Version:   6.2.2
[debug] [2019-02-06T11:54:11.352Z] Platform:      win32
[debug] [2019-02-06T11:54:11.352Z] Node Version:  v10.14.2
[debug] [2019-02-06T11:54:11.353Z] Time:          Wed Feb 06 2019 16:54:11 GMT+0500 (Pakistan Standard Time)
[debug] [2019-02-06T11:54:11.353Z] ----------------------------------------------------------------------
[debug] 
[debug] [2019-02-06T11:54:11.374Z] > command requires scopes: ["email","openid","https://www.googleapis.com/auth/cloudplatformprojects.readonly","https://www.googleapis.com/auth/firebase","https://www.googleapis.com/auth/cloud-platform"]
[debug] [2019-02-06T11:54:11.375Z] > authorizing via signed-in user
[debug] [2019-02-06T11:54:11.375Z] [iam] checking project crsfinalproject for permissions ["firebase.projects.get","firebasehosting.sites.update"]
[debug] [2019-02-06T11:54:11.378Z] >>> HTTP REQUEST POST https://cloudresourcemanager.googleapis.com/v1/projects/crsfinalproject:testIamPermissions  

[debug] [2019-02-06T11:54:13.710Z] <<< HTTP RESPONSE 200
[debug] [2019-02-06T11:54:13.717Z] >>> HTTP REQUEST GET https://firebase.googleapis.com/v1beta1/projects/crsfinalproject  
 
[debug] [2019-02-06T11:54:14.977Z] <<< HTTP RESPONSE 200
[info] 
[info] === Deploying to 'crsfinalproject'...
[info] 
[info] i  deploying hosting
[debug] [2019-02-06T11:54:14.991Z] >>> HTTP REQUEST POST https://firebasehosting.googleapis.com/v1beta1/sites/crsfinalproject/versions  

[debug] [2019-02-06T11:54:17.630Z] <<< HTTP RESPONSE 500
[debug] [2019-02-06T11:54:17.631Z] <<< HTTP RESPONSE BODY
[error] 
[error] Error: HTTP Error: 500, Internal error encountered.
[debug] [2019-02-06T11:54:17.644Z] Error Context: {
  "body": {
    "error": {
      "code": 500,
      "message": "Internal error encountered.",
      "status": "INTERNAL"
    }
  },
  "response": {
    "statusCode": 500,
    "body": {
      "error": {
        "code": 500,
        "message": "Internal error encountered.",
        "status": "INTERNAL"
      }
    },
    "headers": {
      "vary": "X-Origin, Referer, Origin,Accept-Encoding",
      "content-type": "application/json; charset=UTF-8",
      "date": "Wed, 06 Feb 2019 11:54:18 GMT",
      "server": "ESF",
      "cache-control": "private",
      "x-xss-protection": "1; mode=block",
      "x-frame-options": "SAMEORIGIN",
      "x-content-type-options": "nosniff",
      "alt-svc": "quic=\":443\"; ma=2592000; v=\"44,43,39\"",
      "accept-ranges": "none",
      "connection": "close"
    },
    "request": {
      "uri": {
        "protocol": "https:",
        "slashes": true,
        "auth": null,
        "host": "firebasehosting.googleapis.com",
        "port": 443,
        "hostname": "firebasehosting.googleapis.com",
        "hash": null,
        "search": null,
        "query": null,
        "pathname": "/v1beta1/sites/crsfinalproject/versions",
        "path": "/v1beta1/sites/crsfinalproject/versions",
        "href": "https://firebasehosting.googleapis.com/v1beta1/sites/crsfinalproject/versions"
      },
      "method": "POST"
    }
  }
}
[debug] [2019-02-06T12:06:38.043Z] ----------------------------------------------------------------------
[debug] [2019-02-06T12:06:38.049Z] Command:       C:\Program Files\nodejs\node.exe C:\Users\Misbah\AppData\Roaming\npm\node_modules\firebase-tools\lib\bin\firebase.js deploy
[debug] [2019-02-06T12:06:38.049Z] CLI Version:   6.3.1
[debug] [2019-02-06T12:06:38.049Z] Platform:      win32
[debug] [2019-02-06T12:06:38.049Z] Node Version:  v10.14.2
[debug] [2019-02-06T12:06:38.051Z] Time:          Wed Feb 06 2019 17:06:38 GMT+0500 (Pakistan Standard Time)
[debug] [2019-02-06T12:06:38.051Z] ----------------------------------------------------------------------
[debug] 
[debug] [2019-02-06T12:06:38.070Z] > command requires scopes: ["email","openid","https://www.googleapis.com/auth/cloudplatformprojects.readonly","https://www.googleapis.com/auth/firebase","https://www.googleapis.com/auth/cloud-platform"]
[debug] [2019-02-06T12:06:38.072Z] > authorizing via signed-in user
[debug] [2019-02-06T12:06:38.072Z] [iam] checking project crsfinalproject for permissions ["firebase.projects.get","firebasehosting.sites.update"]
[debug] [2019-02-06T12:06:38.076Z] >>> HTTP REQUEST POST https://cloudresourcemanager.googleapis.com/v1/projects/crsfinalproject:testIamPermissions  

[debug] [2019-02-06T12:06:40.343Z] <<< HTTP RESPONSE 200
[debug] [2019-02-06T12:06:40.349Z] >>> HTTP REQUEST GET https://firebase.googleapis.com/v1beta1/projects/crsfinalproject  
 
[debug] [2019-02-06T12:06:41.747Z] <<< HTTP RESPONSE 200
[info] 
[info] === Deploying to 'crsfinalproject'...
[info] 
[info] i  deploying hosting
[debug] [2019-02-06T12:06:41.758Z] >>> HTTP REQUEST POST https://firebasehosting.googleapis.com/v1beta1/sites/crsfinalproject/versions  

[debug] [2019-02-06T12:06:44.319Z] <<< HTTP RESPONSE 500
[debug] [2019-02-06T12:06:44.319Z] <<< HTTP RESPONSE BODY
[error] 
[error] Error: HTTP Error: 500, Internal error encountered.
[debug] [2019-02-06T12:06:44.332Z] Error Context: {
  "body": {
    "error": {
      "code": 500,
      "message": "Internal error encountered.",
      "status": "INTERNAL"
    }
  },
  "response": {
    "statusCode": 500,
    "body": {
      "error": {
        "code": 500,
        "message": "Internal error encountered.",
        "status": "INTERNAL"
      }
    },
    "headers": {
      "vary": "X-Origin, Referer, Origin,Accept-Encoding",
      "content-type": "application/json; charset=UTF-8",
      "date": "Wed, 06 Feb 2019 12:06:45 GMT",
      "server": "ESF",
      "cache-control": "private",
      "x-xss-protection": "1; mode=block",
      "x-frame-options": "SAMEORIGIN",
      "x-content-type-options": "nosniff",
      "alt-svc": "quic=\":443\"; ma=2592000; v=\"44,43,39\"",
      "accept-ranges": "none",
      "transfer-encoding": "chunked"
    },
    "request": {
      "uri": {
        "protocol": "https:",
        "slashes": true,
        "auth": null,
        "host": "firebasehosting.googleapis.com",
        "port": 443,
        "hostname": "firebasehosting.googleapis.com",
        "hash": null,
        "search": null,
        "query": null,
        "pathname": "/v1beta1/sites/crsfinalproject/versions",
        "path": "/v1beta1/sites/crsfinalproject/versions",
        "href": "https://firebasehosting.googleapis.com/v1beta1/sites/crsfinalproject/versions"
      },
      "method": "POST"
    }
  }
}
